<?xml version="1.0" encoding="UTF-8"?>
<testsuite xmlns:xsi="http://www.w3.org/2001/XMLSchema-instance" xsi:noNamespaceSchemaLocation="https://maven.apache.org/surefire/maven-surefire-plugin/xsd/surefire-test-report.xsd" name="tests.base.GoogleHomeTest" time="192.87" tests="3" errors="0" skipped="0" failures="0">
  <properties>
[...]
</properties>
  <testcase name="threeCase" classname="tests.base.GoogleHomeTest" time="68.304"/>
  <testcase name="oneCase" classname="tests.base.GoogleHomeTest" time="55.52"/>
  <testcase name="twoCase" classname="tests.base.GoogleHomeTest" time="50.582"/>
</testsuite>